<?xml version="1.0" encoding="UTF-8"?>
<testng-results skipped="0" failed="1" ignored="0" total="1" passed="0">
  <reporter-output>
  </reporter-output>
  <suite name="Default suite" duration-ms="9616" started-at="2020-03-17T09:14:44Z" finished-at="2020-03-17T09:14:53Z">
    <groups>
    </groups>
    <test name="Default test" duration-ms="9616" started-at="2020-03-17T09:14:44Z" finished-at="2020-03-17T09:14:53Z">
      <class name="testNGWithDataDriven.TestNGExcelDriven">
        <test-method status="PASS" signature="beforeMethod()[pri:0, instance:testNGWithDataDriven.TestNGExcelDriven@13deb50e]" name="beforeMethod" is-config="true" duration-ms="7332" started-at="2020-03-17T17:14:44Z" finished-at="2020-03-17T17:14:52Z">
          <reporter-output>
          </reporter-output>
        </test-method> <!-- beforeMethod -->
        <test-method status="FAIL" signature="testSearchExcel(java.lang.String, java.lang.String, java.lang.String, java.lang.String)[pri:0, instance:testNGWithDataDriven.TestNGExcelDriven@13deb50e]" name="testSearchExcel" duration-ms="851" started-at="2020-03-17T17:14:52Z" data-provider="testData" finished-at="2020-03-17T17:14:53Z">
          <params>
            <param index="0">
              <value>
                <![CDATA[这]]>
              </value>
            </param>
            <param index="1">
              <value>
                <![CDATA[是]]>
              </value>
            </param>
            <param index="2">
              <value>
                <![CDATA[测]]>
              </value>
            </param>
            <param index="3">
              <value>
                <![CDATA[试]]>
              </value>
            </param>
          </params>
          <exception class="java.lang.AssertionError">
            <message>
              <![CDATA[expected [true] but found [false]]]>
            </message>
            <full-stacktrace>
              <![CDATA[java.lang.AssertionError: expected [true] but found [false]
	at org.testng.Assert.fail(Assert.java:93)
	at org.testng.Assert.failNotEquals(Assert.java:512)
	at org.testng.Assert.assertTrue(Assert.java:41)
	at org.testng.Assert.assertTrue(Assert.java:51)
	at testNGWithDataDriven.TestNGExcelDriven.testSearchExcel(TestNGExcelDriven.java:33)
	at sun.reflect.NativeMethodAccessorImpl.invoke0(Native Method)
	at sun.reflect.NativeMethodAccessorImpl.invoke(NativeMethodAccessorImpl.java:62)
	at sun.reflect.DelegatingMethodAccessorImpl.invoke(DelegatingMethodAccessorImpl.java:43)
	at java.lang.reflect.Method.invoke(Method.java:498)
	at org.testng.internal.MethodInvocationHelper.invokeMethod(MethodInvocationHelper.java:108)
	at org.testng.internal.Invoker.invokeMethod(Invoker.java:661)
	at org.testng.internal.Invoker.invokeTestMethod(Invoker.java:869)
	at org.testng.internal.Invoker.invokeTestMethods(Invoker.java:1193)
	at org.testng.internal.TestMethodWorker.invokeTestMethods(TestMethodWorker.java:126)
	at org.testng.internal.TestMethodWorker.run(TestMethodWorker.java:109)
	at org.testng.TestRunner.privateRun(TestRunner.java:744)
	at org.testng.TestRunner.run(TestRunner.java:602)
	at org.testng.SuiteRunner.runTest(SuiteRunner.java:380)
	at org.testng.SuiteRunner.runSequentially(SuiteRunner.java:375)
	at org.testng.SuiteRunner.privateRun(SuiteRunner.java:340)
	at org.testng.SuiteRunner.run(SuiteRunner.java:289)
	at org.testng.SuiteRunnerWorker.runSuite(SuiteRunnerWorker.java:52)
	at org.testng.SuiteRunnerWorker.run(SuiteRunnerWorker.java:86)
	at org.testng.TestNG.runSuitesSequentially(TestNG.java:1301)
	at org.testng.TestNG.runSuitesLocally(TestNG.java:1226)
	at org.testng.TestNG.runSuites(TestNG.java:1144)
	at org.testng.TestNG.run(TestNG.java:1115)
	at org.testng.remote.AbstractRemoteTestNG.run(AbstractRemoteTestNG.java:132)
	at org.testng.remote.RemoteTestNG.initAndRun(RemoteTestNG.java:230)
	at org.testng.remote.RemoteTestNG.main(RemoteTestNG.java:76)
]]>
            </full-stacktrace>
          </exception> <!-- java.lang.AssertionError -->
          <reporter-output>
          </reporter-output>
        </test-method> <!-- testSearchExcel -->
        <test-method status="PASS" signature="afterMethod()[pri:0, instance:testNGWithDataDriven.TestNGExcelDriven@13deb50e]" name="afterMethod" is-config="true" duration-ms="697" started-at="2020-03-17T17:14:53Z" finished-at="2020-03-17T17:14:53Z">
          <reporter-output>
          </reporter-output>
        </test-method> <!-- afterMethod -->
      </class> <!-- testNGWithDataDriven.TestNGExcelDriven -->
    </test> <!-- Default test -->
  </suite> <!-- Default suite -->
</testng-results>
