<!DOCTYPE html>

<html>
  <head>
  <meta charset='utf-8'>
  <title>TestNG reports</title>

    <link type="text/css" href="testng-reports.css" rel="stylesheet" />
    <script type="text/javascript" src="jquery-1.7.1.min.js"></script>
    <script type="text/javascript" src="testng-reports.js"></script>
    <script type="text/javascript" src="https://www.google.com/jsapi"></script>
    <script type='text/javascript'>
      google.load('visualization', '1', {packages:['table']});
      google.setOnLoadCallback(drawTable);
      var suiteTableInitFunctions = new Array();
      var suiteTableData = new Array();
    </script>
    <!--
      <script type="text/javascript" src="jquery-ui/js/jquery-ui-1.8.16.custom.min.js"></script>
     -->
  </head>

  <body>
    <div class="top-banner-root">
      <span class="top-banner-title-font">Test results</span>
      <br/>
      <span class="top-banner-font-1">1 suite, 2 failed tests</span>
    </div> <!-- top-banner-root -->
    <div class="navigator-root">
      <div class="navigator-suite-header">
        <span>All suites</span>
        <a href="#" class="collapse-all-link" title="Collapse/expand all the suites">
          <img class="collapse-all-icon" src="collapseall.gif">
          </img> <!-- collapse-all-icon -->
        </a> <!-- collapse-all-link -->
      </div> <!-- navigator-suite-header -->
      <div class="suite">
        <div class="rounded-window">
          <div class="suite-header light-rounded-window-top">
            <a href="#" class="navigator-link" panel-name="suite-Jenkins项目">
              <span class="suite-name border-failed">Jenkins项目</span>
            </a> <!-- navigator-link -->
          </div> <!-- suite-header light-rounded-window-top -->
          <div class="navigator-suite-content">
            <div class="suite-section-title">
              <span>Info</span>
            </div> <!-- suite-section-title -->
            <div class="suite-section-content">
              <ul>
                <li>
                  <a href="#" class="navigator-link " panel-name="test-xml-Jenkins项目">
                    <span>E:\软件测试\毕业设计\eclipse-jee-2019-03-R-win32-x86_64\eclipse\eclipse-workspace\JenkinsUITest\testng.xml</span>
                  </a> <!-- navigator-link  -->
                </li>
                <li>
                  <a href="#" class="navigator-link " panel-name="testlist-Jenkins项目">
                    <span class="test-stats">1 test</span>
                  </a> <!-- navigator-link  -->
                </li>
                <li>
                  <a href="#" class="navigator-link " panel-name="group-Jenkins项目">
                    <span>0 groups</span>
                  </a> <!-- navigator-link  -->
                </li>
                <li>
                  <a href="#" class="navigator-link " panel-name="times-Jenkins项目">
                    <span>Times</span>
                  </a> <!-- navigator-link  -->
                </li>
                <li>
                  <a href="#" class="navigator-link " panel-name="reporter-Jenkins项目">
                    <span>Reporter output</span>
                  </a> <!-- navigator-link  -->
                </li>
                <li>
                  <a href="#" class="navigator-link " panel-name="ignored-methods-Jenkins项目">
                    <span>Ignored methods</span>
                  </a> <!-- navigator-link  -->
                </li>
                <li>
                  <a href="#" class="navigator-link " panel-name="chronological-Jenkins项目">
                    <span>Chronological view</span>
                  </a> <!-- navigator-link  -->
                </li>
              </ul>
            </div> <!-- suite-section-content -->
            <div class="result-section">
              <div class="suite-section-title">
                <span>Results</span>
              </div> <!-- suite-section-title -->
              <div class="suite-section-content">
                <ul>
                  <li>
                    <span class="method-stats">9 methods, 2 failed,   7 passed</span>
                  </li>
                  <li>
                    <span class="method-list-title failed">Failed methods</span>
                    <span class="show-or-hide-methods failed">
                      <a href="#" panel-name="suite-Jenkins项目" class="hide-methods failed suite-Jenkins项目"> (hide)</a> <!-- hide-methods failed suite-Jenkins项目 -->
                      <a href="#" panel-name="suite-Jenkins项目" class="show-methods failed suite-Jenkins项目"> (show)</a> <!-- show-methods failed suite-Jenkins项目 -->
                    </span>
                    <div class="method-list-content failed suite-Jenkins项目">
                      <span>
                        <img width="3%" src="failed.png"/>
                        <a href="#" class="method navigator-link" panel-name="suite-Jenkins项目" title="com.bs.Test.LinkTest" hash-for-method="linkTest">linkTest</a> <!-- method navigator-link -->
                      </span>
                      <br/>
                      <span>
                        <img width="3%" src="failed.png"/>
                        <a href="#" class="method navigator-link" panel-name="suite-Jenkins项目" title="com.bs.Test.RegisterTest" hash-for-method="test001_register">test001_register</a> <!-- method navigator-link -->
                      </span>
                      <br/>
                    </div> <!-- method-list-content failed suite-Jenkins项目 -->
                  </li>
                  <li>
                    <span class="method-list-title passed">Passed methods</span>
                    <span class="show-or-hide-methods passed">
                      <a href="#" panel-name="suite-Jenkins项目" class="hide-methods passed suite-Jenkins项目"> (hide)</a> <!-- hide-methods passed suite-Jenkins项目 -->
                      <a href="#" panel-name="suite-Jenkins项目" class="show-methods passed suite-Jenkins项目"> (show)</a> <!-- show-methods passed suite-Jenkins项目 -->
                    </span>
                    <div class="method-list-content passed suite-Jenkins项目">
                      <span>
                        <img width="3%" src="passed.png"/>
                        <a href="#" class="method navigator-link" panel-name="suite-Jenkins项目" title="com.bs.Test.AddItemTest" hash-for-method="test">test</a> <!-- method navigator-link -->
                      </span>
                      <br/>
                      <span>
                        <img width="3%" src="passed.png"/>
                        <a href="#" class="method navigator-link" panel-name="suite-Jenkins项目" title="com.bs.Test.DeleteItemTest" hash-for-method="test">test</a> <!-- method navigator-link -->
                      </span>
                      <br/>
                      <span>
                        <img width="3%" src="passed.png"/>
                        <a href="#" class="method navigator-link" panel-name="suite-Jenkins项目" title="com.bs.Test.LoginTest" hash-for-method="test001_login(lemon04, 123456)">test001_login(lemon04, 123456)</a> <!-- method navigator-link -->
                      </span>
                      <br/>
                      <span>
                        <img width="3%" src="passed.png"/>
                        <a href="#" class="method navigator-link" panel-name="suite-Jenkins项目" title="com.bs.Test.LoginFailTest" hash-for-method="test002_login">test002_login</a> <!-- method navigator-link -->
                      </span>
                      <br/>
                      <span>
                        <img width="3%" src="passed.png"/>
                        <a href="#" class="method navigator-link" panel-name="suite-Jenkins项目" title="com.bs.Test.RegisterFailTest" hash-for-method="test002_registerNull">test002_registerNull</a> <!-- method navigator-link -->
                      </span>
                      <br/>
                      <span>
                        <img width="3%" src="passed.png"/>
                        <a href="#" class="method navigator-link" panel-name="suite-Jenkins项目" title="com.bs.Test.RegisterFailTest" hash-for-method="test003_registerError">test003_registerError</a> <!-- method navigator-link -->
                      </span>
                      <br/>
                      <span>
                        <img width="3%" src="passed.png"/>
                        <a href="#" class="method navigator-link" panel-name="suite-Jenkins项目" title="com.bs.Test.RegisterFailTest" hash-for-method="test003_registerPasswordStrength">test003_registerPasswordStrength</a> <!-- method navigator-link -->
                      </span>
                      <br/>
                    </div> <!-- method-list-content passed suite-Jenkins项目 -->
                  </li>
                </ul>
              </div> <!-- suite-section-content -->
            </div> <!-- result-section -->
          </div> <!-- navigator-suite-content -->
        </div> <!-- rounded-window -->
      </div> <!-- suite -->
    </div> <!-- navigator-root -->
    <div class="wrapper">
      <div class="main-panel-root">
        <div panel-name="suite-Jenkins项目" class="panel Jenkins项目">
          <div class="suite-Jenkins项目-class-failed">
            <div class="main-panel-header rounded-window-top">
              <img src="failed.png"/>
              <span class="class-name">com.bs.Test.RegisterTest</span>
            </div> <!-- main-panel-header rounded-window-top -->
            <div class="main-panel-content rounded-window-bottom">
              <div class="method">
                <div class="method-content">
                  <a name="test001_register">
                  </a> <!-- test001_register -->
                  <span class="method-name">test001_register</span>
                  <div class="stack-trace">org.openqa.selenium.NoSuchElementException: no such element: Unable to locate element: {&quot;method&quot;:&quot;css selector&quot;,&quot;selector&quot;:&quot;.model\-link&quot;}
  (Session info: chrome=80.0.3987.149)
For documentation on this error, please visit: http://seleniumhq.org/exceptions/no_such_element.html
Build info: version: &apos;3.5.1&apos;, revision: &apos;9c21bb67ef&apos;, time: &apos;2017-08-17T15:26:08.955Z&apos;
System info: host: &apos;LAPTOP-D5U911R6&apos;, ip: &apos;192.168.246.2&apos;, os.name: &apos;Windows 10&apos;, os.arch: &apos;amd64&apos;, os.version: &apos;10.0&apos;, java.version: &apos;1.8.0_211&apos;
Driver info: org.openqa.selenium.chrome.ChromeDriver
Capabilities [{networkConnectionEnabled=false, chrome={chromedriverVersion=80.0.3987.16 (320f6526c1632ad4f205ebce69b99a062ed78647-refs/branch-heads/3987@{#185}), userDataDir=C:\Users\lijiehao\AppData\Local\Temp\scoped_dir17776_856329478}, timeouts={implicit=0.0, pageLoad=300000.0, script=30000.0}, pageLoadStrategy=normal, unhandledPromptBehavior=dismiss and notify, strictFileInteractability=false, platform=ANY, proxy=Proxy(), goog:chromeOptions={debuggerAddress=localhost:16215}, acceptInsecureCerts=false, browserVersion=80.0.3987.149, browserName=chrome, javascriptEnabled=true, platformName=windows, setWindowRect=true}]
Session ID: 50913bacae752b7a06d78153c37158cb
*** Element info: {Using=class name, value=model-link}
	at org.openqa.selenium.remote.http.W3CHttpResponseCodec.createException(W3CHttpResponseCodec.java:185)
	at org.openqa.selenium.remote.http.W3CHttpResponseCodec.decode(W3CHttpResponseCodec.java:120)
	at org.openqa.selenium.remote.http.W3CHttpResponseCodec.decode(W3CHttpResponseCodec.java:49)
	at org.openqa.selenium.remote.HttpCommandExecutor.execute(HttpCommandExecutor.java:164)
	at org.openqa.selenium.remote.service.DriverCommandExecutor.execute(DriverCommandExecutor.java:82)
	at org.openqa.selenium.remote.RemoteWebDriver.execute(RemoteWebDriver.java:641)
	at org.openqa.selenium.remote.RemoteWebDriver.findElement(RemoteWebDriver.java:414)
	at org.openqa.selenium.remote.RemoteWebDriver.findElementByClassName(RemoteWebDriver.java:497)
	at org.openqa.selenium.By$ByClassName.findElement(By.java:391)
	at org.openqa.selenium.remote.RemoteWebDriver.findElement(RemoteWebDriver.java:406)
	at com.bs.Test.RegisterTest.register(RegisterTest.java:59)
	at com.bs.Test.RegisterTest.test001_register(RegisterTest.java:21)
	at java.util.concurrent.ThreadPoolExecutor.runWorker(ThreadPoolExecutor.java:1149)
	at java.util.concurrent.ThreadPoolExecutor$Worker.run(ThreadPoolExecutor.java:624)
	at java.lang.Thread.run(Thread.java:748)
... Removed 14 stack frames
</div> <!-- stack-trace -->
                  <em>
(注册用户)                  </em>
                </div> <!-- method-content -->
              </div> <!-- method -->
            </div> <!-- main-panel-content rounded-window-bottom -->
          </div> <!-- suite-Jenkins项目-class-failed -->
          <div class="suite-Jenkins项目-class-failed">
            <div class="main-panel-header rounded-window-top">
              <img src="failed.png"/>
              <span class="class-name">com.bs.Test.LinkTest</span>
            </div> <!-- main-panel-header rounded-window-top -->
            <div class="main-panel-content rounded-window-bottom">
              <div class="method">
                <div class="method-content">
                  <a name="linkTest">
                  </a> <!-- linkTest -->
                  <span class="method-name">linkTest</span>
                  <div class="stack-trace">org.openqa.selenium.NoSuchElementException: no such element: Unable to locate element: {&quot;method&quot;:&quot;link text&quot;,&quot;selector&quot;:&quot;请登录&quot;}
  (Session info: chrome=80.0.3987.149)
For documentation on this error, please visit: http://seleniumhq.org/exceptions/no_such_element.html
Build info: version: &apos;3.5.1&apos;, revision: &apos;9c21bb67ef&apos;, time: &apos;2017-08-17T15:26:08.955Z&apos;
System info: host: &apos;LAPTOP-D5U911R6&apos;, ip: &apos;192.168.246.2&apos;, os.name: &apos;Windows 10&apos;, os.arch: &apos;amd64&apos;, os.version: &apos;10.0&apos;, java.version: &apos;1.8.0_211&apos;
Driver info: org.openqa.selenium.chrome.ChromeDriver
Capabilities [{networkConnectionEnabled=false, chrome={chromedriverVersion=80.0.3987.16 (320f6526c1632ad4f205ebce69b99a062ed78647-refs/branch-heads/3987@{#185}), userDataDir=C:\Users\lijiehao\AppData\Local\Temp\scoped_dir14528_1014705824}, timeouts={implicit=0.0, pageLoad=300000.0, script=30000.0}, pageLoadStrategy=normal, unhandledPromptBehavior=dismiss and notify, strictFileInteractability=false, platform=ANY, proxy=Proxy(), goog:chromeOptions={debuggerAddress=localhost:16926}, acceptInsecureCerts=false, browserVersion=80.0.3987.149, browserName=chrome, javascriptEnabled=true, platformName=windows, setWindowRect=true}]
Session ID: 53983ff7db0ae8f99e849d01bd834ea9
*** Element info: {Using=link text, value=请登录}
	at org.openqa.selenium.remote.http.W3CHttpResponseCodec.createException(W3CHttpResponseCodec.java:185)
	at org.openqa.selenium.remote.http.W3CHttpResponseCodec.decode(W3CHttpResponseCodec.java:120)
	at org.openqa.selenium.remote.http.W3CHttpResponseCodec.decode(W3CHttpResponseCodec.java:49)
	at org.openqa.selenium.remote.HttpCommandExecutor.execute(HttpCommandExecutor.java:164)
	at org.openqa.selenium.remote.service.DriverCommandExecutor.execute(DriverCommandExecutor.java:82)
	at org.openqa.selenium.remote.RemoteWebDriver.execute(RemoteWebDriver.java:641)
	at org.openqa.selenium.remote.RemoteWebDriver.findElement(RemoteWebDriver.java:414)
	at org.openqa.selenium.remote.RemoteWebDriver.findElementByLinkText(RemoteWebDriver.java:465)
	at org.openqa.selenium.By$ByLinkText.findElement(By.java:246)
	at org.openqa.selenium.remote.RemoteWebDriver.findElement(RemoteWebDriver.java:406)
	at com.bs.Test.LinkTest.Link(LinkTest.java:44)
	at com.bs.Test.LinkTest.linkTest(LinkTest.java:21)
	at java.util.concurrent.ThreadPoolExecutor.runWorker(ThreadPoolExecutor.java:1149)
	at java.util.concurrent.ThreadPoolExecutor$Worker.run(ThreadPoolExecutor.java:624)
	at java.lang.Thread.run(Thread.java:748)
... Removed 14 stack frames
</div> <!-- stack-trace -->
                  <em>
(链接测试)                  </em>
                </div> <!-- method-content -->
              </div> <!-- method -->
            </div> <!-- main-panel-content rounded-window-bottom -->
          </div> <!-- suite-Jenkins项目-class-failed -->
          <div class="suite-Jenkins项目-class-passed">
            <div class="main-panel-header rounded-window-top">
              <img src="passed.png"/>
              <span class="class-name">com.bs.Test.DeleteItemTest</span>
            </div> <!-- main-panel-header rounded-window-top -->
            <div class="main-panel-content rounded-window-bottom">
              <div class="method">
                <div class="method-content">
                  <a name="test">
                  </a> <!-- test -->
                  <span class="method-name">test</span>
                  <em>
(删除项目)                  </em>
                </div> <!-- method-content -->
              </div> <!-- method -->
            </div> <!-- main-panel-content rounded-window-bottom -->
          </div> <!-- suite-Jenkins项目-class-passed -->
          <div class="suite-Jenkins项目-class-passed">
            <div class="main-panel-header rounded-window-top">
              <img src="passed.png"/>
              <span class="class-name">com.bs.Test.RegisterFailTest</span>
            </div> <!-- main-panel-header rounded-window-top -->
            <div class="main-panel-content rounded-window-bottom">
              <div class="method">
                <div class="method-content">
                  <a name="test002_registerNull">
                  </a> <!-- test002_registerNull -->
                  <span class="method-name">test002_registerNull</span>
                  <em>
(注册用户名为空)                  </em>
                </div> <!-- method-content -->
              </div> <!-- method -->
              <div class="method">
                <div class="method-content">
                  <a name="test003_registerError">
                  </a> <!-- test003_registerError -->
                  <span class="method-name">test003_registerError</span>
                </div> <!-- method-content -->
              </div> <!-- method -->
              <div class="method">
                <div class="method-content">
                  <a name="test003_registerPasswordStrength">
                  </a> <!-- test003_registerPasswordStrength -->
                  <span class="method-name">test003_registerPasswordStrength</span>
                </div> <!-- method-content -->
              </div> <!-- method -->
            </div> <!-- main-panel-content rounded-window-bottom -->
          </div> <!-- suite-Jenkins项目-class-passed -->
          <div class="suite-Jenkins项目-class-passed">
            <div class="main-panel-header rounded-window-top">
              <img src="passed.png"/>
              <span class="class-name">com.bs.Test.LoginFailTest</span>
            </div> <!-- main-panel-header rounded-window-top -->
            <div class="main-panel-content rounded-window-bottom">
              <div class="method">
                <div class="method-content">
                  <a name="test002_login">
                  </a> <!-- test002_login -->
                  <span class="method-name">test002_login</span>
                  <em>
(失败用户登录)                  </em>
                </div> <!-- method-content -->
              </div> <!-- method -->
            </div> <!-- main-panel-content rounded-window-bottom -->
          </div> <!-- suite-Jenkins项目-class-passed -->
          <div class="suite-Jenkins项目-class-passed">
            <div class="main-panel-header rounded-window-top">
              <img src="passed.png"/>
              <span class="class-name">com.bs.Test.LoginTest</span>
            </div> <!-- main-panel-header rounded-window-top -->
            <div class="main-panel-content rounded-window-bottom">
              <div class="method">
                <div class="method-content">
                  <a name="test001_login(lemon04, 123456)">
                  </a> <!-- test001_login(lemon04, 123456) -->
                  <span class="method-name">test001_login</span>
                  <span class="parameters">(lemon04, 123456)</span>
                  <em>
(用户登录)                  </em>
                </div> <!-- method-content -->
              </div> <!-- method -->
            </div> <!-- main-panel-content rounded-window-bottom -->
          </div> <!-- suite-Jenkins项目-class-passed -->
          <div class="suite-Jenkins项目-class-passed">
            <div class="main-panel-header rounded-window-top">
              <img src="passed.png"/>
              <span class="class-name">com.bs.Test.AddItemTest</span>
            </div> <!-- main-panel-header rounded-window-top -->
            <div class="main-panel-content rounded-window-bottom">
              <div class="method">
                <div class="method-content">
                  <a name="test">
                  </a> <!-- test -->
                  <span class="method-name">test</span>
                  <em>
(增加项目)                  </em>
                </div> <!-- method-content -->
              </div> <!-- method -->
            </div> <!-- main-panel-content rounded-window-bottom -->
          </div> <!-- suite-Jenkins项目-class-passed -->
        </div> <!-- panel Jenkins项目 -->
        <div panel-name="test-xml-Jenkins项目" class="panel">
          <div class="main-panel-header rounded-window-top">
            <span class="header-content">E:\软件测试\毕业设计\eclipse-jee-2019-03-R-win32-x86_64\eclipse\eclipse-workspace\JenkinsUITest\testng.xml</span>
          </div> <!-- main-panel-header rounded-window-top -->
          <div class="main-panel-content rounded-window-bottom">
            <pre>
&lt;?xml version=&quot;1.0&quot; encoding=&quot;UTF-8&quot;?&gt;
&lt;!DOCTYPE suite SYSTEM &quot;http://testng.org/testng-1.0.dtd&quot;&gt;
&lt;suite thread-count=&quot;1&quot; verbose=&quot;0&quot; name=&quot;Jenkins项目&quot; parallel=&quot;classes&quot;&gt;
  &lt;test thread-count=&quot;1&quot; name=&quot;JenkinsUITest&quot; parallel=&quot;classes&quot;&gt;
    &lt;parameter name=&quot;loginpassword&quot; value=&quot;123456&quot;/&gt;
    &lt;parameter name=&quot;loginusername&quot; value=&quot;lemon04&quot;/&gt;
    &lt;classes&gt;
      &lt;class name=&quot;com.bs.Test.RegisterTest&quot;/&gt;
      &lt;class name=&quot;com.bs.Test.RegisterFailTest&quot;/&gt;
      &lt;class name=&quot;com.bs.Test.LoginTest&quot;/&gt;
      &lt;class name=&quot;com.bs.Test.LoginFailTest&quot;/&gt;
      &lt;class name=&quot;com.bs.Test.AddItemTest&quot;/&gt;
      &lt;class name=&quot;com.bs.Test.DeleteItemTest&quot;/&gt;
      &lt;class name=&quot;com.bs.Test.LinkTest&quot;/&gt;
    &lt;/classes&gt;
  &lt;/test&gt; &lt;!-- JenkinsUITest --&gt;
&lt;/suite&gt; &lt;!-- Jenkins项目 --&gt;
            </pre>
          </div> <!-- main-panel-content rounded-window-bottom -->
        </div> <!-- panel -->
        <div panel-name="testlist-Jenkins项目" class="panel">
          <div class="main-panel-header rounded-window-top">
            <span class="header-content">Tests for Jenkins项目</span>
          </div> <!-- main-panel-header rounded-window-top -->
          <div class="main-panel-content rounded-window-bottom">
            <ul>
              <li>
                <span class="test-name">JenkinsUITest (7 classes)</span>
              </li>
            </ul>
          </div> <!-- main-panel-content rounded-window-bottom -->
        </div> <!-- panel -->
        <div panel-name="group-Jenkins项目" class="panel">
          <div class="main-panel-header rounded-window-top">
            <span class="header-content">Groups for Jenkins项目</span>
          </div> <!-- main-panel-header rounded-window-top -->
          <div class="main-panel-content rounded-window-bottom">
          </div> <!-- main-panel-content rounded-window-bottom -->
        </div> <!-- panel -->
        <div panel-name="times-Jenkins项目" class="panel">
          <div class="main-panel-header rounded-window-top">
            <span class="header-content">Times for Jenkins项目</span>
          </div> <!-- main-panel-header rounded-window-top -->
          <div class="main-panel-content rounded-window-bottom">
            <div class="times-div">
              <script type="text/javascript">
suiteTableInitFunctions.push('tableData_Jenkins项目');
function tableData_Jenkins项目() {
var data = new google.visualization.DataTable();
data.addColumn('number', 'Number');
data.addColumn('string', 'Method');
data.addColumn('string', 'Class');
data.addColumn('number', 'Time (ms)');
data.addRows(9);
data.setCell(0, 0, 0)
data.setCell(0, 1, 'test')
data.setCell(0, 2, 'com.bs.Test.DeleteItemTest')
data.setCell(0, 3, 31376);
data.setCell(1, 0, 1)
data.setCell(1, 1, 'test')
data.setCell(1, 2, 'com.bs.Test.AddItemTest')
data.setCell(1, 3, 21570);
data.setCell(2, 0, 2)
data.setCell(2, 1, 'test001_register')
data.setCell(2, 2, 'com.bs.Test.RegisterTest')
data.setCell(2, 3, 18317);
data.setCell(3, 0, 3)
data.setCell(3, 1, 'linkTest')
data.setCell(3, 2, 'com.bs.Test.LinkTest')
data.setCell(3, 3, 16646);
data.setCell(4, 0, 4)
data.setCell(4, 1, 'test001_login')
data.setCell(4, 2, 'com.bs.Test.LoginTest')
data.setCell(4, 3, 3850);
data.setCell(5, 0, 5)
data.setCell(5, 1, 'test003_registerPasswordStrength')
data.setCell(5, 2, 'com.bs.Test.RegisterFailTest')
data.setCell(5, 3, 471);
data.setCell(6, 0, 6)
data.setCell(6, 1, 'test003_registerError')
data.setCell(6, 2, 'com.bs.Test.RegisterFailTest')
data.setCell(6, 3, 324);
data.setCell(7, 0, 7)
data.setCell(7, 1, 'test002_login')
data.setCell(7, 2, 'com.bs.Test.LoginFailTest')
data.setCell(7, 3, 318);
data.setCell(8, 0, 8)
data.setCell(8, 1, 'test002_registerNull')
data.setCell(8, 2, 'com.bs.Test.RegisterFailTest')
data.setCell(8, 3, 242);
window.suiteTableData['Jenkins项目']= { tableData: data, tableDiv: 'times-div-Jenkins项目'}
return data;
}
              </script>
              <span class="suite-total-time">Total running time: 1 minutes</span>
              <div id="times-div-Jenkins项目">
              </div> <!-- times-div-Jenkins项目 -->
            </div> <!-- times-div -->
          </div> <!-- main-panel-content rounded-window-bottom -->
        </div> <!-- panel -->
        <div panel-name="reporter-Jenkins项目" class="panel">
          <div class="main-panel-header rounded-window-top">
            <span class="header-content">Reporter output for Jenkins项目</span>
          </div> <!-- main-panel-header rounded-window-top -->
          <div class="main-panel-content rounded-window-bottom">
          </div> <!-- main-panel-content rounded-window-bottom -->
        </div> <!-- panel -->
        <div panel-name="ignored-methods-Jenkins项目" class="panel">
          <div class="main-panel-header rounded-window-top">
            <span class="header-content">0 ignored methods</span>
          </div> <!-- main-panel-header rounded-window-top -->
          <div class="main-panel-content rounded-window-bottom">
          </div> <!-- main-panel-content rounded-window-bottom -->
        </div> <!-- panel -->
        <div panel-name="chronological-Jenkins项目" class="panel">
          <div class="main-panel-header rounded-window-top">
            <span class="header-content">Methods in chronological order</span>
          </div> <!-- main-panel-header rounded-window-top -->
          <div class="main-panel-content rounded-window-bottom">
            <div class="chronological-class">
              <div class="chronological-class-name">com.bs.Test.RegisterTest</div> <!-- chronological-class-name -->
              <div class="test-method">
                <img src="failed.png">
                </img>
                <span class="method-name">test001_register</span>
                <span class="method-start">0 ms</span>
              </div> <!-- test-method -->
            </div> <!-- chronological-class -->
            <div class="chronological-class">
              <div class="chronological-class-name">com.bs.Test.RegisterFailTest</div> <!-- chronological-class-name -->
              <div class="configuration-class before">
                <span class="method-name">initDriver</span>
                <span class="method-start">18433 ms</span>
              </div> <!-- configuration-class before -->
              <div class="test-method">
                <span class="method-name">test002_registerNull</span>
                <span class="method-start">28239 ms</span>
              </div> <!-- test-method -->
            </div> <!-- chronological-class -->
            <div class="chronological-class">
              <div class="chronological-class-name">com.bs.Test.LoginTest</div> <!-- chronological-class-name -->
              <div class="configuration-class before">
                <span class="method-name">initDriver</span>
                <span class="method-start">28486 ms</span>
              </div> <!-- configuration-class before -->
              <div class="test-method">
                <span class="method-name">test001_login(lemon04, 123456)</span>
                <span class="method-start">38377 ms</span>
              </div> <!-- test-method -->
              <div class="configuration-class after">
                <span class="method-name">finish</span>
                <span class="method-start">42229 ms</span>
              </div> <!-- configuration-class after -->
            </div> <!-- chronological-class -->
            <div class="chronological-class">
              <div class="chronological-class-name">com.bs.Test.LoginFailTest</div> <!-- chronological-class-name -->
              <div class="configuration-class before">
                <span class="method-name">initDriver</span>
                <span class="method-start">46025 ms</span>
              </div> <!-- configuration-class before -->
              <div class="test-method">
                <span class="method-name">test002_login</span>
                <span class="method-start">55704 ms</span>
              </div> <!-- test-method -->
              <div class="configuration-class after">
                <span class="method-name">finish</span>
                <span class="method-start">56024 ms</span>
              </div> <!-- configuration-class after -->
            </div> <!-- chronological-class -->
            <div class="chronological-class">
              <div class="chronological-class-name">com.bs.Test.AddItemTest</div> <!-- chronological-class-name -->
              <div class="test-method">
                <span class="method-name">test</span>
                <span class="method-start">59753 ms</span>
              </div> <!-- test-method -->
            </div> <!-- chronological-class -->
            <div class="chronological-class">
              <div class="chronological-class-name">com.bs.Test.DeleteItemTest</div> <!-- chronological-class-name -->
              <div class="test-method">
                <span class="method-name">test</span>
                <span class="method-start">81327 ms</span>
              </div> <!-- test-method -->
            </div> <!-- chronological-class -->
            <div class="chronological-class">
              <div class="chronological-class-name">com.bs.Test.LinkTest</div> <!-- chronological-class-name -->
              <div class="test-method">
                <img src="failed.png">
                </img>
                <span class="method-name">linkTest</span>
                <span class="method-start">112707 ms</span>
              </div> <!-- test-method -->
            </div> <!-- chronological-class -->
            <div class="chronological-class">
              <div class="chronological-class-name">com.bs.Test.RegisterFailTest</div> <!-- chronological-class-name -->
              <div class="test-method">
                <span class="method-name">test003_registerError</span>
                <span class="method-start">129357 ms</span>
              </div> <!-- test-method -->
              <div class="test-method">
                <span class="method-name">test003_registerPasswordStrength</span>
                <span class="method-start">129686 ms</span>
              </div> <!-- test-method -->
              <div class="configuration-class after">
                <span class="method-name">finish</span>
                <span class="method-start">130159 ms</span>
              </div> <!-- configuration-class after -->
          </div> <!-- main-panel-content rounded-window-bottom -->
        </div> <!-- panel -->
      </div> <!-- main-panel-root -->
    </div> <!-- wrapper -->
  </body>
</html>
