<?xml version="1.0" encoding="UTF-8"?>
<testng-results skipped="0" failed="2" ignored="0" total="9" passed="7">
  <reporter-output>
  </reporter-output>
  <suite name="Jenkins项目" duration-ms="133967" started-at="2020-03-24T08:20:14Z" finished-at="2020-03-24T08:22:28Z">
    <groups>
    </groups>
    <test name="JenkinsUITest" duration-ms="133967" started-at="2020-03-24T08:20:14Z" finished-at="2020-03-24T08:22:28Z">
      <class name="com.bs.Test.LoginFailTest">
        <test-method status="PASS" signature="initDriver()[pri:0, instance:com.bs.Test.LoginFailTest@5a9800f8]" name="initDriver" is-config="true" duration-ms="9679" started-at="2020-03-24T16:21:00Z" finished-at="2020-03-24T16:21:10Z">
          <reporter-output>
          </reporter-output>
        </test-method> <!-- initDriver -->
        <test-method status="PASS" signature="test002_login()[pri:0, instance:com.bs.Test.LoginFailTest@5a9800f8]" name="test002_login" duration-ms="318" started-at="2020-03-24T16:21:10Z" description="失败用户登录" finished-at="2020-03-24T16:21:10Z">
          <reporter-output>
          </reporter-output>
        </test-method> <!-- test002_login -->
        <test-method status="PASS" signature="finish()[pri:0, instance:com.bs.Test.LoginFailTest@5a9800f8]" name="finish" is-config="true" duration-ms="3728" started-at="2020-03-24T16:21:10Z" finished-at="2020-03-24T16:21:14Z">
          <reporter-output>
          </reporter-output>
        </test-method> <!-- finish -->
      </class> <!-- com.bs.Test.LoginFailTest -->
      <class name="com.bs.Test.RegisterTest">
        <test-method status="FAIL" signature="test001_register()[pri:0, instance:com.bs.Test.RegisterTest@5d05ef57]" name="test001_register" duration-ms="18317" started-at="2020-03-24T16:20:14Z" description="注册用户" finished-at="2020-03-24T16:20:33Z">
          <exception class="org.openqa.selenium.NoSuchElementException">
            <message>
              <![CDATA[no such element: Unable to locate element: {"method":"css selector","selector":".model\-link"}
  (Session info: chrome=80.0.3987.149)
For documentation on this error, please visit: http://seleniumhq.org/exceptions/no_such_element.html
Build info: version: '3.5.1', revision: '9c21bb67ef', time: '2017-08-17T15:26:08.955Z'
System info: host: 'LAPTOP-D5U911R6', ip: '192.168.246.2', os.name: 'Windows 10', os.arch: 'amd64', os.version: '10.0', java.version: '1.8.0_211'
Driver info: org.openqa.selenium.chrome.ChromeDriver
Capabilities [{networkConnectionEnabled=false, chrome={chromedriverVersion=80.0.3987.16 (320f6526c1632ad4f205ebce69b99a062ed78647-refs/branch-heads/3987@{#185}), userDataDir=C:\Users\lijiehao\AppData\Local\Temp\scoped_dir17776_856329478}, timeouts={implicit=0.0, pageLoad=300000.0, script=30000.0}, pageLoadStrategy=normal, unhandledPromptBehavior=dismiss and notify, strictFileInteractability=false, platform=ANY, proxy=Proxy(), goog:chromeOptions={debuggerAddress=localhost:16215}, acceptInsecureCerts=false, browserVersion=80.0.3987.149, browserName=chrome, javascriptEnabled=true, platformName=windows, setWindowRect=true}]
Session ID: 50913bacae752b7a06d78153c37158cb
*** Element info: {Using=class name, value=model-link}]]>
            </message>
            <full-stacktrace>
              <![CDATA[org.openqa.selenium.NoSuchElementException: no such element: Unable to locate element: {"method":"css selector","selector":".model\-link"}
  (Session info: chrome=80.0.3987.149)
For documentation on this error, please visit: http://seleniumhq.org/exceptions/no_such_element.html
Build info: version: '3.5.1', revision: '9c21bb67ef', time: '2017-08-17T15:26:08.955Z'
System info: host: 'LAPTOP-D5U911R6', ip: '192.168.246.2', os.name: 'Windows 10', os.arch: 'amd64', os.version: '10.0', java.version: '1.8.0_211'
Driver info: org.openqa.selenium.chrome.ChromeDriver
Capabilities [{networkConnectionEnabled=false, chrome={chromedriverVersion=80.0.3987.16 (320f6526c1632ad4f205ebce69b99a062ed78647-refs/branch-heads/3987@{#185}), userDataDir=C:\Users\lijiehao\AppData\Local\Temp\scoped_dir17776_856329478}, timeouts={implicit=0.0, pageLoad=300000.0, script=30000.0}, pageLoadStrategy=normal, unhandledPromptBehavior=dismiss and notify, strictFileInteractability=false, platform=ANY, proxy=Proxy(), goog:chromeOptions={debuggerAddress=localhost:16215}, acceptInsecureCerts=false, browserVersion=80.0.3987.149, browserName=chrome, javascriptEnabled=true, platformName=windows, setWindowRect=true}]
Session ID: 50913bacae752b7a06d78153c37158cb
*** Element info: {Using=class name, value=model-link}
	at sun.reflect.NativeConstructorAccessorImpl.newInstance0(Native Method)
	at sun.reflect.NativeConstructorAccessorImpl.newInstance(NativeConstructorAccessorImpl.java:62)
	at sun.reflect.DelegatingConstructorAccessorImpl.newInstance(DelegatingConstructorAccessorImpl.java:45)
	at java.lang.reflect.Constructor.newInstance(Constructor.java:423)
	at org.openqa.selenium.remote.http.W3CHttpResponseCodec.createException(W3CHttpResponseCodec.java:185)
	at org.openqa.selenium.remote.http.W3CHttpResponseCodec.decode(W3CHttpResponseCodec.java:120)
	at org.openqa.selenium.remote.http.W3CHttpResponseCodec.decode(W3CHttpResponseCodec.java:49)
	at org.openqa.selenium.remote.HttpCommandExecutor.execute(HttpCommandExecutor.java:164)
	at org.openqa.selenium.remote.service.DriverCommandExecutor.execute(DriverCommandExecutor.java:82)
	at org.openqa.selenium.remote.RemoteWebDriver.execute(RemoteWebDriver.java:641)
	at org.openqa.selenium.remote.RemoteWebDriver.findElement(RemoteWebDriver.java:414)
	at org.openqa.selenium.remote.RemoteWebDriver.findElementByClassName(RemoteWebDriver.java:497)
	at org.openqa.selenium.By$ByClassName.findElement(By.java:391)
	at org.openqa.selenium.remote.RemoteWebDriver.findElement(RemoteWebDriver.java:406)
	at com.bs.Test.RegisterTest.register(RegisterTest.java:59)
	at com.bs.Test.RegisterTest.test001_register(RegisterTest.java:21)
	at sun.reflect.NativeMethodAccessorImpl.invoke0(Native Method)
	at sun.reflect.NativeMethodAccessorImpl.invoke(NativeMethodAccessorImpl.java:62)
	at sun.reflect.DelegatingMethodAccessorImpl.invoke(DelegatingMethodAccessorImpl.java:43)
	at java.lang.reflect.Method.invoke(Method.java:498)
	at org.testng.internal.MethodInvocationHelper.invokeMethod(MethodInvocationHelper.java:108)
	at org.testng.internal.Invoker.invokeMethod(Invoker.java:661)
	at org.testng.internal.Invoker.invokeTestMethod(Invoker.java:869)
	at org.testng.internal.Invoker.invokeTestMethods(Invoker.java:1193)
	at org.testng.internal.TestMethodWorker.invokeTestMethods(TestMethodWorker.java:126)
	at org.testng.internal.TestMethodWorker.run(TestMethodWorker.java:109)
	at java.util.concurrent.ThreadPoolExecutor.runWorker(ThreadPoolExecutor.java:1149)
	at java.util.concurrent.ThreadPoolExecutor$Worker.run(ThreadPoolExecutor.java:624)
	at java.lang.Thread.run(Thread.java:748)
]]>
            </full-stacktrace>
          </exception> <!-- org.openqa.selenium.NoSuchElementException -->
          <reporter-output>
          </reporter-output>
        </test-method> <!-- test001_register -->
      </class> <!-- com.bs.Test.RegisterTest -->
      <class name="com.bs.Test.DeleteItemTest">
        <test-method status="PASS" signature="test()[pri:0, instance:com.bs.Test.DeleteItemTest@40226788]" name="test" duration-ms="31376" started-at="2020-03-24T16:21:36Z" description="删除项目" finished-at="2020-03-24T16:22:07Z">
          <reporter-output>
          </reporter-output>
        </test-method> <!-- test -->
      </class> <!-- com.bs.Test.DeleteItemTest -->
      <class name="com.bs.Test.RegisterFailTest">
        <test-method status="PASS" signature="initDriver()[pri:0, instance:com.bs.Test.RegisterFailTest@213deac2]" name="initDriver" is-config="true" duration-ms="9801" started-at="2020-03-24T16:20:33Z" finished-at="2020-03-24T16:20:43Z">
          <reporter-output>
          </reporter-output>
        </test-method> <!-- initDriver -->
        <test-method status="PASS" signature="test002_registerNull()[pri:0, instance:com.bs.Test.RegisterFailTest@213deac2]" name="test002_registerNull" duration-ms="242" started-at="2020-03-24T16:20:43Z" description="注册用户名为空" finished-at="2020-03-24T16:20:43Z">
          <reporter-output>
          </reporter-output>
        </test-method> <!-- test002_registerNull -->
        <test-method status="PASS" signature="test003_registerError()[pri:0, instance:com.bs.Test.RegisterFailTest@213deac2]" name="test003_registerError" duration-ms="324" started-at="2020-03-24T16:22:24Z" depends-on-methods="com.bs.Test.RegisterFailTest.test002_registerNull" finished-at="2020-03-24T16:22:24Z">
          <reporter-output>
          </reporter-output>
        </test-method> <!-- test003_registerError -->
        <test-method status="PASS" signature="test003_registerPasswordStrength()[pri:0, instance:com.bs.Test.RegisterFailTest@213deac2]" name="test003_registerPasswordStrength" duration-ms="471" started-at="2020-03-24T16:22:24Z" depends-on-methods="com.bs.Test.RegisterFailTest.test002_registerNull" finished-at="2020-03-24T16:22:25Z">
          <reporter-output>
          </reporter-output>
        </test-method> <!-- test003_registerPasswordStrength -->
        <test-method status="PASS" signature="finish()[pri:0, instance:com.bs.Test.RegisterFailTest@213deac2]" name="finish" is-config="true" duration-ms="3761" started-at="2020-03-24T16:22:25Z" finished-at="2020-03-24T16:22:28Z">
          <reporter-output>
          </reporter-output>
        </test-method> <!-- finish -->
      </class> <!-- com.bs.Test.RegisterFailTest -->
      <class name="com.bs.Test.AddItemTest">
        <test-method status="PASS" signature="test()[pri:0, instance:com.bs.Test.AddItemTest@143d9a93]" name="test" duration-ms="21570" started-at="2020-03-24T16:21:14Z" description="增加项目" finished-at="2020-03-24T16:21:36Z">
          <reporter-output>
          </reporter-output>
        </test-method> <!-- test -->
      </class> <!-- com.bs.Test.AddItemTest -->
      <class name="com.bs.Test.LoginTest">
        <test-method status="PASS" signature="initDriver()[pri:0, instance:com.bs.Test.LoginTest@28952dea]" name="initDriver" is-config="true" duration-ms="9884" started-at="2020-03-24T16:20:43Z" finished-at="2020-03-24T16:20:53Z">
          <reporter-output>
          </reporter-output>
        </test-method> <!-- initDriver -->
        <test-method status="PASS" signature="test001_login(java.lang.String, java.lang.String)[pri:0, instance:com.bs.Test.LoginTest@28952dea]" name="test001_login" duration-ms="3850" started-at="2020-03-24T16:20:53Z" description="用户登录" finished-at="2020-03-24T16:20:57Z">
          <params>
            <param index="0">
              <value>
                <![CDATA[lemon04]]>
              </value>
            </param>
            <param index="1">
              <value>
                <![CDATA[123456]]>
              </value>
            </param>
          </params>
          <reporter-output>
          </reporter-output>
        </test-method> <!-- test001_login -->
        <test-method status="PASS" signature="finish()[pri:0, instance:com.bs.Test.LoginTest@28952dea]" name="finish" is-config="true" duration-ms="3796" started-at="2020-03-24T16:20:57Z" finished-at="2020-03-24T16:21:00Z">
          <reporter-output>
          </reporter-output>
        </test-method> <!-- finish -->
      </class> <!-- com.bs.Test.LoginTest -->
      <class name="com.bs.Test.LinkTest">
        <test-method status="FAIL" signature="linkTest()[pri:0, instance:com.bs.Test.LinkTest@4159e81b]" name="linkTest" duration-ms="16646" started-at="2020-03-24T16:22:07Z" description="链接测试" finished-at="2020-03-24T16:22:24Z">
          <exception class="org.openqa.selenium.NoSuchElementException">
            <message>
              <![CDATA[no such element: Unable to locate element: {"method":"link text","selector":"请登录"}
  (Session info: chrome=80.0.3987.149)
For documentation on this error, please visit: http://seleniumhq.org/exceptions/no_such_element.html
Build info: version: '3.5.1', revision: '9c21bb67ef', time: '2017-08-17T15:26:08.955Z'
System info: host: 'LAPTOP-D5U911R6', ip: '192.168.246.2', os.name: 'Windows 10', os.arch: 'amd64', os.version: '10.0', java.version: '1.8.0_211'
Driver info: org.openqa.selenium.chrome.ChromeDriver
Capabilities [{networkConnectionEnabled=false, chrome={chromedriverVersion=80.0.3987.16 (320f6526c1632ad4f205ebce69b99a062ed78647-refs/branch-heads/3987@{#185}), userDataDir=C:\Users\lijiehao\AppData\Local\Temp\scoped_dir14528_1014705824}, timeouts={implicit=0.0, pageLoad=300000.0, script=30000.0}, pageLoadStrategy=normal, unhandledPromptBehavior=dismiss and notify, strictFileInteractability=false, platform=ANY, proxy=Proxy(), goog:chromeOptions={debuggerAddress=localhost:16926}, acceptInsecureCerts=false, browserVersion=80.0.3987.149, browserName=chrome, javascriptEnabled=true, platformName=windows, setWindowRect=true}]
Session ID: 53983ff7db0ae8f99e849d01bd834ea9
*** Element info: {Using=link text, value=请登录}]]>
            </message>
            <full-stacktrace>
              <![CDATA[org.openqa.selenium.NoSuchElementException: no such element: Unable to locate element: {"method":"link text","selector":"请登录"}
  (Session info: chrome=80.0.3987.149)
For documentation on this error, please visit: http://seleniumhq.org/exceptions/no_such_element.html
Build info: version: '3.5.1', revision: '9c21bb67ef', time: '2017-08-17T15:26:08.955Z'
System info: host: 'LAPTOP-D5U911R6', ip: '192.168.246.2', os.name: 'Windows 10', os.arch: 'amd64', os.version: '10.0', java.version: '1.8.0_211'
Driver info: org.openqa.selenium.chrome.ChromeDriver
Capabilities [{networkConnectionEnabled=false, chrome={chromedriverVersion=80.0.3987.16 (320f6526c1632ad4f205ebce69b99a062ed78647-refs/branch-heads/3987@{#185}), userDataDir=C:\Users\lijiehao\AppData\Local\Temp\scoped_dir14528_1014705824}, timeouts={implicit=0.0, pageLoad=300000.0, script=30000.0}, pageLoadStrategy=normal, unhandledPromptBehavior=dismiss and notify, strictFileInteractability=false, platform=ANY, proxy=Proxy(), goog:chromeOptions={debuggerAddress=localhost:16926}, acceptInsecureCerts=false, browserVersion=80.0.3987.149, browserName=chrome, javascriptEnabled=true, platformName=windows, setWindowRect=true}]
Session ID: 53983ff7db0ae8f99e849d01bd834ea9
*** Element info: {Using=link text, value=请登录}
	at sun.reflect.NativeConstructorAccessorImpl.newInstance0(Native Method)
	at sun.reflect.NativeConstructorAccessorImpl.newInstance(NativeConstructorAccessorImpl.java:62)
	at sun.reflect.DelegatingConstructorAccessorImpl.newInstance(DelegatingConstructorAccessorImpl.java:45)
	at java.lang.reflect.Constructor.newInstance(Constructor.java:423)
	at org.openqa.selenium.remote.http.W3CHttpResponseCodec.createException(W3CHttpResponseCodec.java:185)
	at org.openqa.selenium.remote.http.W3CHttpResponseCodec.decode(W3CHttpResponseCodec.java:120)
	at org.openqa.selenium.remote.http.W3CHttpResponseCodec.decode(W3CHttpResponseCodec.java:49)
	at org.openqa.selenium.remote.HttpCommandExecutor.execute(HttpCommandExecutor.java:164)
	at org.openqa.selenium.remote.service.DriverCommandExecutor.execute(DriverCommandExecutor.java:82)
	at org.openqa.selenium.remote.RemoteWebDriver.execute(RemoteWebDriver.java:641)
	at org.openqa.selenium.remote.RemoteWebDriver.findElement(RemoteWebDriver.java:414)
	at org.openqa.selenium.remote.RemoteWebDriver.findElementByLinkText(RemoteWebDriver.java:465)
	at org.openqa.selenium.By$ByLinkText.findElement(By.java:246)
	at org.openqa.selenium.remote.RemoteWebDriver.findElement(RemoteWebDriver.java:406)
	at com.bs.Test.LinkTest.Link(LinkTest.java:44)
	at com.bs.Test.LinkTest.linkTest(LinkTest.java:21)
	at sun.reflect.NativeMethodAccessorImpl.invoke0(Native Method)
	at sun.reflect.NativeMethodAccessorImpl.invoke(NativeMethodAccessorImpl.java:62)
	at sun.reflect.DelegatingMethodAccessorImpl.invoke(DelegatingMethodAccessorImpl.java:43)
	at java.lang.reflect.Method.invoke(Method.java:498)
	at org.testng.internal.MethodInvocationHelper.invokeMethod(MethodInvocationHelper.java:108)
	at org.testng.internal.Invoker.invokeMethod(Invoker.java:661)
	at org.testng.internal.Invoker.invokeTestMethod(Invoker.java:869)
	at org.testng.internal.Invoker.invokeTestMethods(Invoker.java:1193)
	at org.testng.internal.TestMethodWorker.invokeTestMethods(TestMethodWorker.java:126)
	at org.testng.internal.TestMethodWorker.run(TestMethodWorker.java:109)
	at java.util.concurrent.ThreadPoolExecutor.runWorker(ThreadPoolExecutor.java:1149)
	at java.util.concurrent.ThreadPoolExecutor$Worker.run(ThreadPoolExecutor.java:624)
	at java.lang.Thread.run(Thread.java:748)
]]>
            </full-stacktrace>
          </exception> <!-- org.openqa.selenium.NoSuchElementException -->
          <reporter-output>
          </reporter-output>
        </test-method> <!-- linkTest -->
      </class> <!-- com.bs.Test.LinkTest -->
    </test> <!-- JenkinsUITest -->
  </suite> <!-- Jenkins项目 -->
</testng-results>
