<?xml version="1.0" encoding="UTF-8"?>
<testsuite xmlns:xsi="http://www.w3.org/2001/XMLSchema-instance" xsi:noNamespaceSchemaLocation="https://maven.apache.org/surefire/maven-surefire-plugin/xsd/surefire-test-report.xsd" name="TestSuite" time="136.187" tests="9" errors="0" skipped="0" failures="2">
  <properties>
    <property name="sun.desktop" value="windows"/>
    <property name="awt.toolkit" value="sun.awt.windows.WToolkit"/>
    <property name="file.encoding.pkg" value="sun.io"/>
    <property name="java.specification.version" value="1.8"/>
    <property name="sun.cpu.isalist" value="amd64"/>
    <property name="sun.jnu.encoding" value="GBK"/>
    <property name="java.class.path" value="E:\软件测试\毕业设计\eclipse-jee-2019-03-R-win32-x86_64\eclipse\eclipse-workspace\JenkinsUITest\target\test-classes;E:\软件测试\毕业设计\eclipse-jee-2019-03-R-win32-x86_64\eclipse\eclipse-workspace\JenkinsUITest\target\classes;E:\Apache\Maven_Repository\org\seleniumhq\selenium\selenium-java\3.5.1\selenium-java-3.5.1.jar;E:\Apache\Maven_Repository\org\seleniumhq\selenium\selenium-api\3.5.1\selenium-api-3.5.1.jar;E:\Apache\Maven_Repository\org\seleniumhq\selenium\selenium-chrome-driver\3.5.1\selenium-chrome-driver-3.5.1.jar;E:\Apache\Maven_Repository\org\seleniumhq\selenium\selenium-edge-driver\3.5.1\selenium-edge-driver-3.5.1.jar;E:\Apache\Maven_Repository\org\seleniumhq\selenium\selenium-firefox-driver\3.5.1\selenium-firefox-driver-3.5.1.jar;E:\Apache\Maven_Repository\org\seleniumhq\selenium\selenium-ie-driver\3.5.1\selenium-ie-driver-3.5.1.jar;E:\Apache\Maven_Repository\org\seleniumhq\selenium\selenium-opera-driver\3.5.1\selenium-opera-driver-3.5.1.jar;E:\Apache\Maven_Repository\org\seleniumhq\selenium\selenium-remote-driver\3.5.1\selenium-remote-driver-3.5.1.jar;E:\Apache\Maven_Repository\org\seleniumhq\selenium\selenium-safari-driver\3.5.1\selenium-safari-driver-3.5.1.jar;E:\Apache\Maven_Repository\org\seleniumhq\selenium\selenium-support\3.5.1\selenium-support-3.5.1.jar;E:\Apache\Maven_Repository\cglib\cglib-nodep\3.2.4\cglib-nodep-3.2.4.jar;E:\Apache\Maven_Repository\org\apache\commons\commons-exec\1.3\commons-exec-1.3.jar;E:\Apache\Maven_Repository\org\apache\commons\commons-lang3\3.5\commons-lang3-3.5.jar;E:\Apache\Maven_Repository\commons-codec\commons-codec\1.10\commons-codec-1.10.jar;E:\Apache\Maven_Repository\commons-io\commons-io\2.5\commons-io-2.5.jar;E:\Apache\Maven_Repository\commons-logging\commons-logging\1.2\commons-logging-1.2.jar;E:\Apache\Maven_Repository\org\w3c\css\sac\1.3\sac-1.3.jar;E:\Apache\Maven_Repository\net\sourceforge\cssparser\cssparser\0.9.23\cssparser-0.9.23.jar;E:\Apache\Maven_Repository\com\google\code\gson\gson\2.8.0\gson-2.8.0.jar;E:\Apache\Maven_Repository\com\google\guava\guava\23.0\guava-23.0.jar;E:\Apache\Maven_Repository\com\google\code\findbugs\jsr305\1.3.9\jsr305-1.3.9.jar;E:\Apache\Maven_Repository\com\google\errorprone\error_prone_annotations\2.0.18\error_prone_annotations-2.0.18.jar;E:\Apache\Maven_Repository\com\google\j2objc\j2objc-annotations\1.1\j2objc-annotations-1.1.jar;E:\Apache\Maven_Repository\org\codehaus\mojo\animal-sniffer-annotations\1.14\animal-sniffer-annotations-1.14.jar;E:\Apache\Maven_Repository\org\hamcrest\hamcrest-core\1.3\hamcrest-core-1.3.jar;E:\Apache\Maven_Repository\net\sourceforge\htmlunit\htmlunit\2.27\htmlunit-2.27.jar;E:\Apache\Maven_Repository\net\sourceforge\htmlunit\htmlunit-core-js\2.27\htmlunit-core-js-2.27.jar;E:\Apache\Maven_Repository\net\sourceforge\htmlunit\neko-htmlunit\2.27\neko-htmlunit-2.27.jar;E:\Apache\Maven_Repository\org\apache\httpcomponents\httpclient\4.5.3\httpclient-4.5.3.jar;E:\Apache\Maven_Repository\org\apache\httpcomponents\httpcore\4.4.6\httpcore-4.4.6.jar;E:\Apache\Maven_Repository\org\apache\httpcomponents\httpmime\4.5.3\httpmime-4.5.3.jar;E:\Apache\Maven_Repository\org\eclipse\jetty\jetty-client\9.4.5.v20170502\jetty-client-9.4.5.v20170502.jar;E:\Apache\Maven_Repository\org\eclipse\jetty\jetty-http\9.4.5.v20170502\jetty-http-9.4.5.v20170502.jar;E:\Apache\Maven_Repository\org\eclipse\jetty\jetty-io\9.4.5.v20170502\jetty-io-9.4.5.v20170502.jar;E:\Apache\Maven_Repository\org\eclipse\jetty\jetty-util\9.4.5.v20170502\jetty-util-9.4.5.v20170502.jar;E:\Apache\Maven_Repository\net\java\dev\jna\jna\4.1.0\jna-4.1.0.jar;E:\Apache\Maven_Repository\net\java\dev\jna\jna-platform\4.1.0\jna-platform-4.1.0.jar;E:\Apache\Maven_Repository\junit\junit\4.12\junit-4.12.jar;E:\Apache\Maven_Repository\com\codeborne\phantomjsdriver\1.4.0\phantomjsdriver-1.4.0.jar;E:\Apache\Maven_Repository\org\seleniumhq\selenium\htmlunit-driver\2.27\htmlunit-driver-2.27.jar;E:\Apache\Maven_Repository\javax\servlet\javax.servlet-api\3.1.0\javax.servlet-api-3.1.0.jar;E:\Apache\Maven_Repository\org\eclipse\jetty\websocket\websocket-api\9.4.5.v20170502\websocket-api-9.4.5.v20170502.jar;E:\Apache\Maven_Repository\org\eclipse\jetty\websocket\websocket-client\9.4.5.v20170502\websocket-client-9.4.5.v20170502.jar;E:\Apache\Maven_Repository\org\eclipse\jetty\websocket\websocket-common\9.4.5.v20170502\websocket-common-9.4.5.v20170502.jar;E:\Apache\Maven_Repository\xalan\serializer\2.7.2\serializer-2.7.2.jar;E:\Apache\Maven_Repository\xalan\xalan\2.7.2\xalan-2.7.2.jar;E:\Apache\Maven_Repository\xerces\xercesImpl\2.11.0\xercesImpl-2.11.0.jar;E:\Apache\Maven_Repository\xml-apis\xml-apis\1.4.01\xml-apis-1.4.01.jar;E:\Apache\Maven_Repository\org\testng\testng\6.11\testng-6.11.jar;E:\Apache\Maven_Repository\com\beust\jcommander\1.64\jcommander-1.64.jar;E:\Apache\Maven_Repository\org\yaml\snakeyaml\1.17\snakeyaml-1.17.jar;E:\Apache\Maven_Repository\io\qameta\allure\allure-testng\2.13.1\allure-testng-2.13.1.jar;E:\Apache\Maven_Repository\io\qameta\allure\allure-java-commons\2.13.1\allure-java-commons-2.13.1.jar;E:\Apache\Maven_Repository\io\qameta\allure\allure-model\2.13.1\allure-model-2.13.1.jar;E:\Apache\Maven_Repository\org\slf4j\slf4j-api\1.7.25\slf4j-api-1.7.25.jar;E:\Apache\Maven_Repository\com\fasterxml\jackson\core\jackson-databind\2.9.8\jackson-databind-2.9.8.jar;E:\Apache\Maven_Repository\com\fasterxml\jackson\core\jackson-annotations\2.9.0\jackson-annotations-2.9.0.jar;E:\Apache\Maven_Repository\com\fasterxml\jackson\core\jackson-core\2.9.8\jackson-core-2.9.8.jar;E:\Apache\Maven_Repository\org\apache\tika\tika-core\1.20\tika-core-1.20.jar;E:\Apache\Maven_Repository\org\jooq\joor-java-8\0.9.10\joor-java-8-0.9.10.jar;"/>
    <property name="java.vm.vendor" value="Oracle Corporation"/>
    <property name="sun.arch.data.model" value="64"/>
    <property name="user.variant" value=""/>
    <property name="java.vendor.url" value="http://java.oracle.com/"/>
    <property name="user.timezone" value="Asia/Shanghai"/>
    <property name="java.vm.specification.version" value="1.8"/>
    <property name="os.name" value="Windows 10"/>
    <property name="user.country" value="CN"/>
    <property name="sun.java.launcher" value="SUN_STANDARD"/>
    <property name="sun.boot.library.path" value="E:\JDK\jdk1.8.0_211\jre\bin"/>
    <property name="sun.java.command" value="C:\Users\lijiehao\AppData\Local\Temp\surefire3421246163626090271\surefirebooter8641453455818483647.jar C:\Users\lijiehao\AppData\Local\Temp\surefire3421246163626090271 2020-03-24T16-20-11_264-jvmRun1 surefire2756680766568914957tmp surefire_02354964899369115718tmp"/>
    <property name="surefire.test.class.path" value="E:\软件测试\毕业设计\eclipse-jee-2019-03-R-win32-x86_64\eclipse\eclipse-workspace\JenkinsUITest\target\test-classes;E:\软件测试\毕业设计\eclipse-jee-2019-03-R-win32-x86_64\eclipse\eclipse-workspace\JenkinsUITest\target\classes;E:\Apache\Maven_Repository\org\seleniumhq\selenium\selenium-java\3.5.1\selenium-java-3.5.1.jar;E:\Apache\Maven_Repository\org\seleniumhq\selenium\selenium-api\3.5.1\selenium-api-3.5.1.jar;E:\Apache\Maven_Repository\org\seleniumhq\selenium\selenium-chrome-driver\3.5.1\selenium-chrome-driver-3.5.1.jar;E:\Apache\Maven_Repository\org\seleniumhq\selenium\selenium-edge-driver\3.5.1\selenium-edge-driver-3.5.1.jar;E:\Apache\Maven_Repository\org\seleniumhq\selenium\selenium-firefox-driver\3.5.1\selenium-firefox-driver-3.5.1.jar;E:\Apache\Maven_Repository\org\seleniumhq\selenium\selenium-ie-driver\3.5.1\selenium-ie-driver-3.5.1.jar;E:\Apache\Maven_Repository\org\seleniumhq\selenium\selenium-opera-driver\3.5.1\selenium-opera-driver-3.5.1.jar;E:\Apache\Maven_Repository\org\seleniumhq\selenium\selenium-remote-driver\3.5.1\selenium-remote-driver-3.5.1.jar;E:\Apache\Maven_Repository\org\seleniumhq\selenium\selenium-safari-driver\3.5.1\selenium-safari-driver-3.5.1.jar;E:\Apache\Maven_Repository\org\seleniumhq\selenium\selenium-support\3.5.1\selenium-support-3.5.1.jar;E:\Apache\Maven_Repository\cglib\cglib-nodep\3.2.4\cglib-nodep-3.2.4.jar;E:\Apache\Maven_Repository\org\apache\commons\commons-exec\1.3\commons-exec-1.3.jar;E:\Apache\Maven_Repository\org\apache\commons\commons-lang3\3.5\commons-lang3-3.5.jar;E:\Apache\Maven_Repository\commons-codec\commons-codec\1.10\commons-codec-1.10.jar;E:\Apache\Maven_Repository\commons-io\commons-io\2.5\commons-io-2.5.jar;E:\Apache\Maven_Repository\commons-logging\commons-logging\1.2\commons-logging-1.2.jar;E:\Apache\Maven_Repository\org\w3c\css\sac\1.3\sac-1.3.jar;E:\Apache\Maven_Repository\net\sourceforge\cssparser\cssparser\0.9.23\cssparser-0.9.23.jar;E:\Apache\Maven_Repository\com\google\code\gson\gson\2.8.0\gson-2.8.0.jar;E:\Apache\Maven_Repository\com\google\guava\guava\23.0\guava-23.0.jar;E:\Apache\Maven_Repository\com\google\code\findbugs\jsr305\1.3.9\jsr305-1.3.9.jar;E:\Apache\Maven_Repository\com\google\errorprone\error_prone_annotations\2.0.18\error_prone_annotations-2.0.18.jar;E:\Apache\Maven_Repository\com\google\j2objc\j2objc-annotations\1.1\j2objc-annotations-1.1.jar;E:\Apache\Maven_Repository\org\codehaus\mojo\animal-sniffer-annotations\1.14\animal-sniffer-annotations-1.14.jar;E:\Apache\Maven_Repository\org\hamcrest\hamcrest-core\1.3\hamcrest-core-1.3.jar;E:\Apache\Maven_Repository\net\sourceforge\htmlunit\htmlunit\2.27\htmlunit-2.27.jar;E:\Apache\Maven_Repository\net\sourceforge\htmlunit\htmlunit-core-js\2.27\htmlunit-core-js-2.27.jar;E:\Apache\Maven_Repository\net\sourceforge\htmlunit\neko-htmlunit\2.27\neko-htmlunit-2.27.jar;E:\Apache\Maven_Repository\org\apache\httpcomponents\httpclient\4.5.3\httpclient-4.5.3.jar;E:\Apache\Maven_Repository\org\apache\httpcomponents\httpcore\4.4.6\httpcore-4.4.6.jar;E:\Apache\Maven_Repository\org\apache\httpcomponents\httpmime\4.5.3\httpmime-4.5.3.jar;E:\Apache\Maven_Repository\org\eclipse\jetty\jetty-client\9.4.5.v20170502\jetty-client-9.4.5.v20170502.jar;E:\Apache\Maven_Repository\org\eclipse\jetty\jetty-http\9.4.5.v20170502\jetty-http-9.4.5.v20170502.jar;E:\Apache\Maven_Repository\org\eclipse\jetty\jetty-io\9.4.5.v20170502\jetty-io-9.4.5.v20170502.jar;E:\Apache\Maven_Repository\org\eclipse\jetty\jetty-util\9.4.5.v20170502\jetty-util-9.4.5.v20170502.jar;E:\Apache\Maven_Repository\net\java\dev\jna\jna\4.1.0\jna-4.1.0.jar;E:\Apache\Maven_Repository\net\java\dev\jna\jna-platform\4.1.0\jna-platform-4.1.0.jar;E:\Apache\Maven_Repository\junit\junit\4.12\junit-4.12.jar;E:\Apache\Maven_Repository\com\codeborne\phantomjsdriver\1.4.0\phantomjsdriver-1.4.0.jar;E:\Apache\Maven_Repository\org\seleniumhq\selenium\htmlunit-driver\2.27\htmlunit-driver-2.27.jar;E:\Apache\Maven_Repository\javax\servlet\javax.servlet-api\3.1.0\javax.servlet-api-3.1.0.jar;E:\Apache\Maven_Repository\org\eclipse\jetty\websocket\websocket-api\9.4.5.v20170502\websocket-api-9.4.5.v20170502.jar;E:\Apache\Maven_Repository\org\eclipse\jetty\websocket\websocket-client\9.4.5.v20170502\websocket-client-9.4.5.v20170502.jar;E:\Apache\Maven_Repository\org\eclipse\jetty\websocket\websocket-common\9.4.5.v20170502\websocket-common-9.4.5.v20170502.jar;E:\Apache\Maven_Repository\xalan\serializer\2.7.2\serializer-2.7.2.jar;E:\Apache\Maven_Repository\xalan\xalan\2.7.2\xalan-2.7.2.jar;E:\Apache\Maven_Repository\xerces\xercesImpl\2.11.0\xercesImpl-2.11.0.jar;E:\Apache\Maven_Repository\xml-apis\xml-apis\1.4.01\xml-apis-1.4.01.jar;E:\Apache\Maven_Repository\org\testng\testng\6.11\testng-6.11.jar;E:\Apache\Maven_Repository\com\beust\jcommander\1.64\jcommander-1.64.jar;E:\Apache\Maven_Repository\org\yaml\snakeyaml\1.17\snakeyaml-1.17.jar;E:\Apache\Maven_Repository\io\qameta\allure\allure-testng\2.13.1\allure-testng-2.13.1.jar;E:\Apache\Maven_Repository\io\qameta\allure\allure-java-commons\2.13.1\allure-java-commons-2.13.1.jar;E:\Apache\Maven_Repository\io\qameta\allure\allure-model\2.13.1\allure-model-2.13.1.jar;E:\Apache\Maven_Repository\org\slf4j\slf4j-api\1.7.25\slf4j-api-1.7.25.jar;E:\Apache\Maven_Repository\com\fasterxml\jackson\core\jackson-databind\2.9.8\jackson-databind-2.9.8.jar;E:\Apache\Maven_Repository\com\fasterxml\jackson\core\jackson-annotations\2.9.0\jackson-annotations-2.9.0.jar;E:\Apache\Maven_Repository\com\fasterxml\jackson\core\jackson-core\2.9.8\jackson-core-2.9.8.jar;E:\Apache\Maven_Repository\org\apache\tika\tika-core\1.20\tika-core-1.20.jar;E:\Apache\Maven_Repository\org\jooq\joor-java-8\0.9.10\joor-java-8-0.9.10.jar;"/>
    <property name="sun.cpu.endian" value="little"/>
    <property name="allure.results.directory" value="E:\软件测试\毕业设计\eclipse-jee-2019-03-R-win32-x86_64\eclipse\eclipse-workspace\JenkinsUITest\target/allure-results"/>
    <property name="user.home" value="C:\Users\lijiehao"/>
    <property name="user.language" value="zh"/>
    <property name="java.specification.vendor" value="Oracle Corporation"/>
    <property name="java.home" value="E:\JDK\jdk1.8.0_211\jre"/>
    <property name="basedir" value="E:\软件测试\毕业设计\eclipse-jee-2019-03-R-win32-x86_64\eclipse\eclipse-workspace\JenkinsUITest"/>
    <property name="file.separator" value="\"/>
    <property name="line.separator" value="&#10;"/>
    <property name="java.vm.specification.vendor" value="Oracle Corporation"/>
    <property name="java.specification.name" value="Java Platform API Specification"/>
    <property name="java.awt.graphicsenv" value="sun.awt.Win32GraphicsEnvironment"/>
    <property name="surefire.real.class.path" value="C:\Users\lijiehao\AppData\Local\Temp\surefire3421246163626090271\surefirebooter8641453455818483647.jar;E:\Apache\Maven_Repository/org/aspectj/aspectjweaver/1.9.2/aspectjweaver-1.9.2.jar"/>
    <property name="sun.boot.class.path" value="E:\JDK\jdk1.8.0_211\jre\lib\resources.jar;E:\JDK\jdk1.8.0_211\jre\lib\rt.jar;E:\JDK\jdk1.8.0_211\jre\lib\sunrsasign.jar;E:\JDK\jdk1.8.0_211\jre\lib\jsse.jar;E:\JDK\jdk1.8.0_211\jre\lib\jce.jar;E:\JDK\jdk1.8.0_211\jre\lib\charsets.jar;E:\JDK\jdk1.8.0_211\jre\lib\jfr.jar;E:\JDK\jdk1.8.0_211\jre\classes"/>
    <property name="user.script" value=""/>
    <property name="sun.management.compiler" value="HotSpot 64-Bit Tiered Compilers"/>
    <property name="java.runtime.version" value="1.8.0_211-b12"/>
    <property name="user.name" value="LJH"/>
    <property name="path.separator" value=";"/>
    <property name="os.version" value="10.0"/>
    <property name="java.endorsed.dirs" value="E:\JDK\jdk1.8.0_211\jre\lib\endorsed"/>
    <property name="java.runtime.name" value="Java(TM) SE Runtime Environment"/>
    <property name="file.encoding" value="UTF-8"/>
    <property name="java.vm.name" value="Java HotSpot(TM) 64-Bit Server VM"/>
    <property name="localRepository" value="E:\Apache\Maven_Repository"/>
    <property name="java.vendor.url.bug" value="http://bugreport.sun.com/bugreport/"/>
    <property name="java.io.tmpdir" value="C:\Users\lijiehao\AppData\Local\Temp\"/>
    <property name="java.version" value="1.8.0_211"/>
    <property name="user.dir" value="E:\软件测试\毕业设计\eclipse-jee-2019-03-R-win32-x86_64\eclipse\eclipse-workspace\JenkinsUITest"/>
    <property name="os.arch" value="amd64"/>
    <property name="java.vm.specification.name" value="Java Virtual Machine Specification"/>
    <property name="java.awt.printerjob" value="sun.awt.windows.WPrinterJob"/>
    <property name="sun.os.patch.level" value=""/>
    <property name="java.library.path" value="E:\JDK\jdk1.8.0_211\jre\bin;C:\WINDOWS\Sun\Java\bin;C:\WINDOWS\system32;C:\WINDOWS;E:/JDK/jdk1.8.0_211/bin/../jre/bin/server;E:/JDK/jdk1.8.0_211/bin/../jre/bin;E:/JDK/jdk1.8.0_211/bin/../jre/lib/amd64;E:\oracle\product\11.2.0\dbhome_1\bin;C:\Program Files (x86)\Intel\iCLS Client\;C:\Program Files\Intel\iCLS Client\;C:\Windows\system32;C:\Windows;C:\Windows\System32\Wbem;C:\Windows\System32\WindowsPowerShell\v1.0\;C:\Program Files (x86)\Common Files\lenovo\easyplussdk\bin;C:\Program Files (x86)\Intel\Intel(R) Management Engine Components\DAL;C:\Program Files\Intel\Intel(R) Management Engine Components\DAL;C:\Program Files (x86)\Intel\Intel(R) Management Engine Components\IPT;C:\Program Files\Intel\Intel(R) Management Engine Components\IPT;C:\WINDOWS\system32;C:\WINDOWS;C:\WINDOWS\System32\Wbem;C:\WINDOWS\System32\WindowsPowerShell\v1.0\;C:\Program Files (x86)\NVIDIA Corporation\PhysX\Common;E:\adt-sdk\sdk\tools;E:\adt-sdk\sdk\platform-tools;E:\adt-sdk\sdk\\build-tools\android-4.4.2;E:\软测大赛\移动应用测试\appium\node_modules\.bin;E:\SQLser;er(x86)\110\Tools\Binn\;E:\SQLserver(x86)\110\DTS\Binn\;E:\SQLserver(x86)\110\Tools\Binn\ManagementStudio\;E:\SQLserver(x86)\120\DTS\Binn\;E:\SQLserver(x86)\130\DTS\Binn\;E:\SQLserver(x86)\140\DTS\Binn\;E:\Apache\Maven\bin;C:\Program Files\Intel\WiFi\bin\;C:\Program Files\Common Files\Intel\WirelessCommon\;C:\WINDOWS\System32\OpenSSH\;C:\Program Files\Common Files\Autodesk Shared\;E:\Apache\Maven\bin;C:\Program Files\NVIDIA Corporation\NVIDIA NvDLISR;E:\HP\LoadRunner\strawberry-perl\perl\bin;E:\apache-jmeter-2.11-mooctest\bin;E:\apache-jmeter-4.0\bin;E:\JDK\jdk1.8.0_211\bin;E:\JDK\jre1.8.0_211\bin;E:\软测大赛\nodejs10\;E:\Git\cmd;C:\Users\lijiehao\Anaconda3;C:\Users\lijiehao\Anaconda3\Scripts;C:\Users\lijiehao\Anaconda3\Library\bin;C:\WINDOWS\system32;C:\WINDOWS;C:\WINDOWS\System32\Wbem;C:\WINDOWS\System32\WindowsPowerShell\v1.0\;C:\WINDOWS\System32\OpenSSH\;E:\apache-ant-1.9.14-bin\apache-ant-1.9.14\bin;E:\apache-ant-1.9.14-bin\apache-ant-1.9.14\lib;E:\Google\Chrome\Application;E:\Anaconda3;E:\Anaconda3\Library\mingw-w64\bin;E:\Anaconda3\Library\usr\bin;E:\Anaconda3\Library\bin;E:\Anaconda3\Scripts;C:\Users\lijiehao\AppData\Local\Microsoft\WindowsApps;C:\AppServ\Apache2.2\bin;C:\AppServ\php6;C:\AppServ\MySQL\bin;C:\Program Files\Intel\WiFi\bin\;C:\Program Files\Common Files\Intel\WirelessCommon\;C:\Users\lijiehao\AppData\Roaming\npm;E:\Python\Tool\PyCharm Community Edition 2019.1.3\bin;;;E:\软件测试\Fiddler;E:\软件测试\毕业设计\eclipse-jee-2019-03-R-win32-x86_64\eclipse;;."/>
    <property name="java.vm.info" value="mixed mode"/>
    <property name="java.vendor" value="Oracle Corporation"/>
    <property name="java.vm.version" value="25.211-b12"/>
    <property name="java.ext.dirs" value="E:\JDK\jdk1.8.0_211\jre\lib\ext;C:\WINDOWS\Sun\Java\lib\ext"/>
    <property name="sun.io.unicode.encoding" value="UnicodeLittle"/>
    <property name="java.class.version" value="52.0"/>
  </properties>
  <testcase name="test001_register" classname="com.bs.Test.RegisterTest" time="18.35">
    <failure message="no such element: Unable to locate element: {&quot;method&quot;:&quot;css selector&quot;,&quot;selector&quot;:&quot;.model\-link&quot;}&#10;  (Session info: chrome=80.0.3987.149)&#10;For documentation on this error, please visit: http://seleniumhq.org/exceptions/no_such_element.html&#10;Build info: version: &apos;3.5.1&apos;, revision: &apos;9c21bb67ef&apos;, time: &apos;2017-08-17T15:26:08.955Z&apos;&#10;System info: host: &apos;LAPTOP-D5U911R6&apos;, ip: &apos;192.168.246.2&apos;, os.name: &apos;Windows 10&apos;, os.arch: &apos;amd64&apos;, os.version: &apos;10.0&apos;, java.version: &apos;1.8.0_211&apos;&#10;Driver info: org.openqa.selenium.chrome.ChromeDriver&#10;Capabilities [{networkConnectionEnabled=false, chrome={chromedriverVersion=80.0.3987.16 (320f6526c1632ad4f205ebce69b99a062ed78647-refs/branch-heads/3987@{#185}), userDataDir=C:\Users\lijiehao\AppData\Local\Temp\scoped_dir17776_856329478}, timeouts={implicit=0.0, pageLoad=300000.0, script=30000.0}, pageLoadStrategy=normal, unhandledPromptBehavior=dismiss and notify, strictFileInteractability=false, platform=ANY, proxy=Proxy(), goog:chromeOptions={debuggerAddress=localhost:16215}, acceptInsecureCerts=false, browserVersion=80.0.3987.149, browserName=chrome, javascriptEnabled=true, platformName=windows, setWindowRect=true}]&#10;Session ID: 50913bacae752b7a06d78153c37158cb&#10;*** Element info: {Using=class name, value=model-link}" type="org.openqa.selenium.NoSuchElementException">org.openqa.selenium.NoSuchElementException: 
no such element: Unable to locate element: {"method":"css selector","selector":".model\-link"}
  (Session info: chrome=80.0.3987.149)
For documentation on this error, please visit: http://seleniumhq.org/exceptions/no_such_element.html
Build info: version: '3.5.1', revision: '9c21bb67ef', time: '2017-08-17T15:26:08.955Z'
System info: host: 'LAPTOP-D5U911R6', ip: '192.168.246.2', os.name: 'Windows 10', os.arch: 'amd64', os.version: '10.0', java.version: '1.8.0_211'
Driver info: org.openqa.selenium.chrome.ChromeDriver
Capabilities [{networkConnectionEnabled=false, chrome={chromedriverVersion=80.0.3987.16 (320f6526c1632ad4f205ebce69b99a062ed78647-refs/branch-heads/3987@{#185}), userDataDir=C:\Users\lijiehao\AppData\Local\Temp\scoped_dir17776_856329478}, timeouts={implicit=0.0, pageLoad=300000.0, script=30000.0}, pageLoadStrategy=normal, unhandledPromptBehavior=dismiss and notify, strictFileInteractability=false, platform=ANY, proxy=Proxy(), goog:chromeOptions={debuggerAddress=localhost:16215}, acceptInsecureCerts=false, browserVersion=80.0.3987.149, browserName=chrome, javascriptEnabled=true, platformName=windows, setWindowRect=true}]
Session ID: 50913bacae752b7a06d78153c37158cb
*** Element info: {Using=class name, value=model-link}
	at com.bs.Test.RegisterTest.register(RegisterTest.java:59)
	at com.bs.Test.RegisterTest.test001_register(RegisterTest.java:21)
</failure>
    <system-out><![CDATA[[TestNGContentHandler] [WARN] It is strongly recommended to add "<!DOCTYPE suite SYSTEM "http://testng.org/testng-1.0.dtd" >" at the top of your file, otherwise TestNG may fail or not work as expected.
]]></system-out>
    <system-err><![CDATA[SLF4J: Failed to load class "org.slf4j.impl.StaticLoggerBinder".
SLF4J: Defaulting to no-operation (NOP) logger implementation
SLF4J: See http://www.slf4j.org/codes.html#StaticLoggerBinder for further details.
Starting ChromeDriver 80.0.3987.16 (320f6526c1632ad4f205ebce69b99a062ed78647-refs/branch-heads/3987@{#185}) on port 7284
Only local connections are allowed.
Please protect ports used by ChromeDriver and related test frameworks to prevent access by malicious code.
[1585038020.317][WARNING]: Timed out connecting to Chrome, retrying...
三月 24, 2020 4:20:22 下午 org.openqa.selenium.remote.ProtocolHandshake createSession
信息: Detected dialect: W3C
]]></system-err>
  </testcase>
  <testcase name="test002_registerNull" classname="com.bs.Test.RegisterFailTest" time="0.24"/>
  <testcase name="test001_login" classname="com.bs.Test.LoginTest" time="3.847"/>
  <testcase name="test002_login" classname="com.bs.Test.LoginFailTest" time="0.315"/>
  <testcase name="test" classname="com.bs.Test.AddItemTest" time="21.567"/>
  <testcase name="test" classname="com.bs.Test.DeleteItemTest" time="31.375"/>
  <testcase name="linkTest" classname="com.bs.Test.LinkTest" time="16.647">
    <failure message="no such element: Unable to locate element: {&quot;method&quot;:&quot;link text&quot;,&quot;selector&quot;:&quot;请登录&quot;}&#10;  (Session info: chrome=80.0.3987.149)&#10;For documentation on this error, please visit: http://seleniumhq.org/exceptions/no_such_element.html&#10;Build info: version: &apos;3.5.1&apos;, revision: &apos;9c21bb67ef&apos;, time: &apos;2017-08-17T15:26:08.955Z&apos;&#10;System info: host: &apos;LAPTOP-D5U911R6&apos;, ip: &apos;192.168.246.2&apos;, os.name: &apos;Windows 10&apos;, os.arch: &apos;amd64&apos;, os.version: &apos;10.0&apos;, java.version: &apos;1.8.0_211&apos;&#10;Driver info: org.openqa.selenium.chrome.ChromeDriver&#10;Capabilities [{networkConnectionEnabled=false, chrome={chromedriverVersion=80.0.3987.16 (320f6526c1632ad4f205ebce69b99a062ed78647-refs/branch-heads/3987@{#185}), userDataDir=C:\Users\lijiehao\AppData\Local\Temp\scoped_dir14528_1014705824}, timeouts={implicit=0.0, pageLoad=300000.0, script=30000.0}, pageLoadStrategy=normal, unhandledPromptBehavior=dismiss and notify, strictFileInteractability=false, platform=ANY, proxy=Proxy(), goog:chromeOptions={debuggerAddress=localhost:16926}, acceptInsecureCerts=false, browserVersion=80.0.3987.149, browserName=chrome, javascriptEnabled=true, platformName=windows, setWindowRect=true}]&#10;Session ID: 53983ff7db0ae8f99e849d01bd834ea9&#10;*** Element info: {Using=link text, value=请登录}" type="org.openqa.selenium.NoSuchElementException">org.openqa.selenium.NoSuchElementException: 
no such element: Unable to locate element: {"method":"link text","selector":"请登录"}
  (Session info: chrome=80.0.3987.149)
For documentation on this error, please visit: http://seleniumhq.org/exceptions/no_such_element.html
Build info: version: '3.5.1', revision: '9c21bb67ef', time: '2017-08-17T15:26:08.955Z'
System info: host: 'LAPTOP-D5U911R6', ip: '192.168.246.2', os.name: 'Windows 10', os.arch: 'amd64', os.version: '10.0', java.version: '1.8.0_211'
Driver info: org.openqa.selenium.chrome.ChromeDriver
Capabilities [{networkConnectionEnabled=false, chrome={chromedriverVersion=80.0.3987.16 (320f6526c1632ad4f205ebce69b99a062ed78647-refs/branch-heads/3987@{#185}), userDataDir=C:\Users\lijiehao\AppData\Local\Temp\scoped_dir14528_1014705824}, timeouts={implicit=0.0, pageLoad=300000.0, script=30000.0}, pageLoadStrategy=normal, unhandledPromptBehavior=dismiss and notify, strictFileInteractability=false, platform=ANY, proxy=Proxy(), goog:chromeOptions={debuggerAddress=localhost:16926}, acceptInsecureCerts=false, browserVersion=80.0.3987.149, browserName=chrome, javascriptEnabled=true, platformName=windows, setWindowRect=true}]
Session ID: 53983ff7db0ae8f99e849d01bd834ea9
*** Element info: {Using=link text, value=请登录}
	at com.bs.Test.LinkTest.Link(LinkTest.java:44)
	at com.bs.Test.LinkTest.linkTest(LinkTest.java:21)
</failure>
    <system-err><![CDATA[Starting ChromeDriver 80.0.3987.16 (320f6526c1632ad4f205ebce69b99a062ed78647-refs/branch-heads/3987@{#185}) on port 31859
Only local connections are allowed.
Please protect ports used by ChromeDriver and related test frameworks to prevent access by malicious code.
[1585038131.095][WARNING]: Timed out connecting to Chrome, retrying...
三月 24, 2020 4:22:13 下午 org.openqa.selenium.remote.ProtocolHandshake createSession
信息: Detected dialect: W3C
]]></system-err>
  </testcase>
  <testcase name="test003_registerError" classname="com.bs.Test.RegisterFailTest" time="0.322"/>
  <testcase name="test003_registerPasswordStrength" classname="com.bs.Test.RegisterFailTest" time="0.469"/>
</testsuite>